<?xml version="1.0" encoding="utf-8"?><testsuites name="pytest tests"><testsuite name="pytest" errors="0" failures="0" skipped="0" tests="21" time="14.756" timestamp="2026-03-23T01:13:45.605937+00:00" hostname="agent-env-5e3bc517-b2e0-47a1-b73e-324330d79e0d"><testcase classname="backend.tests.test_admin_control_center.TestAdminDashboard" name="test_dashboard_returns_overview_stats" time="0.693" /><testcase classname="backend.tests.test_admin_control_center.TestAdminDashboard" name="test_dashboard_returns_live_stats" time="0.604" /><testcase classname="backend.tests.test_admin_control_center.TestAdminDashboard" name="test_dashboard_returns_today_vs_yesterday_comparisons" time="0.566" /><testcase classname="backend.tests.test_admin_control_center.TestAdminDashboard" name="test_dashboard_returns_alerts" time="0.649" /><testcase classname="backend.tests.test_admin_control_center.TestAdminUserManagement" name="test_users_list_with_pagination" time="0.576" /><testcase classname="backend.tests.test_admin_control_center.TestAdminUserManagement" name="test_users_filter_by_premium" time="0.583" /><testcase classname="backend.tests.test_admin_control_center.TestAdminUserManagement" name="test_users_filter_by_banned" time="0.556" /><testcase classname="backend.tests.test_admin_control_center.TestAdminUserManagement" name="test_users_search" time="0.572" /><testcase classname="backend.tests.test_admin_control_center.TestAdminUserManagement" name="test_user_details" time="1.022" /><testcase classname="backend.tests.test_admin_control_center.TestAdminBanSystem" name="test_ban_user_permanent" time="0.943" /><testcase classname="backend.tests.test_admin_control_center.TestAdminBanSystem" name="test_ban_user_with_duration" time="0.998" /><testcase classname="backend.tests.test_admin_control_center.TestAdminBanSystem" name="test_unban_user" time="1.035" /><testcase classname="backend.tests.test_admin_control_center.TestAdminPremiumManagement" name="test_get_premium_users" time="0.909" /><testcase classname="backend.tests.test_admin_control_center.TestAdminPremiumManagement" name="test_grant_premium_with_duration" time="0.937" /><testcase classname="backend.tests.test_admin_control_center.TestAdminPremiumManagement" name="test_remove_premium" time="1.173" /><testcase classname="backend.tests.test_admin_control_center.TestAdminReports" name="test_get_reports_with_filters" time="0.610" /><testcase classname="backend.tests.test_admin_control_center.TestAdminReports" name="test_get_reports_all_statuses" time="0.929" /><testcase classname="backend.tests.test_admin_control_center.TestAdminSessions" name="test_get_matches" time="0.558" /><testcase classname="backend.tests.test_admin_control_center.TestReportCreation" name="test_create_report" time="0.376" /><testcase classname="backend.tests.test_admin_control_center.TestAdminAccessControl" name="test_guest_cannot_access_dashboard" time="0.254" /><testcase classname="backend.tests.test_admin_control_center.TestAdminAccessControl" name="test_no_token_cannot_access_dashboard" time="0.111" /></testsuite></testsuites>