<?xml version="1.0" encoding="utf-8"?><testsuites name="pytest tests"><testsuite name="pytest" errors="0" failures="0" skipped="0" tests="9" time="24.132" timestamp="2026-03-29T19:27:19.705418+00:00" hostname="agent-env-5e3bc517-b2e0-47a1-b73e-324330d79e0d"><testcase classname="backend.tests.test_chat_system.TestGuestAuthentication" name="test_guest_login_success" time="18.701" /><testcase classname="backend.tests.test_chat_system.TestGuestAuthentication" name="test_guest_login_with_female_gender" time="0.715" /><testcase classname="backend.tests.test_chat_system.TestGuestAuthentication" name="test_guest_age_verification" time="0.974" /><testcase classname="backend.tests.test_chat_system.TestMessagesAPI" name="test_messages_collection_exists" time="0.955" /><testcase classname="backend.tests.test_chat_system.TestSessionManagement" name="test_health_check" time="0.132" /><testcase classname="backend.tests.test_chat_system.TestSessionManagement" name="test_socket_endpoint_accessible" time="0.117" /><testcase classname="backend.tests.test_chat_system.TestChatHistoryAPI" name="test_guest_can_authenticate" time="0.968" /><testcase classname="backend.tests.test_chat_system.TestWebSocketPrerequisites" name="test_cors_headers" time="0.178" /><testcase classname="backend.tests.test_chat_system.TestWebSocketPrerequisites" name="test_multiple_guests_can_be_created" time="1.337" /></testsuite></testsuites>