<?xml version="1.0" encoding="utf-8"?><testsuites name="pytest tests"><testsuite name="pytest" errors="0" failures="0" skipped="0" tests="16" time="5.130" timestamp="2026-04-02T21:46:48.843005+00:00" hostname="agent-env-d41ba1e8-6e72-4d2b-b2e1-dffc1e02abb0"><testcase classname="tests.test_raccoon_critical_features.TestHealthCheck" name="test_api_health" time="0.199" /><testcase classname="tests.test_raccoon_critical_features.TestCurrentSessionIdTracking" name="test_guest_has_null_current_session_id_on_creation" time="0.513" /><testcase classname="tests.test_raccoon_critical_features.TestCurrentSessionIdTracking" name="test_admin_has_current_session_id_field" time="0.471" /><testcase classname="tests.test_raccoon_critical_features.TestPremiumRoomCreation" name="test_admin_is_premium" time="0.440" /><testcase classname="tests.test_raccoon_critical_features.TestPremiumRoomCreation" name="test_guest_is_not_premium" time="0.345" /><testcase classname="tests.test_raccoon_critical_features.TestPremiumSecurityNoBypass" name="test_dev_set_premium_blocked" time="0.179" /><testcase classname="tests.test_raccoon_critical_features.TestPremiumSecurityNoBypass" name="test_dev_check_premium_blocked" time="0.117" /><testcase classname="tests.test_raccoon_critical_features.TestPremiumSecurityNoBypass" name="test_direct_subscription_blocked" time="0.346" /><testcase classname="tests.test_raccoon_critical_features.TestRoomCapacityMax2" name="test_room_service_max_players_constant" time="0.000" /><testcase classname="tests.test_raccoon_critical_features.TestAuthEndpointsReturnSessionId" name="test_signup_returns_current_session_id" time="0.602" /><testcase classname="tests.test_raccoon_critical_features.TestAuthEndpointsReturnSessionId" name="test_login_returns_current_session_id" time="0.423" /><testcase classname="tests.test_raccoon_critical_features.TestAuthEndpointsReturnSessionId" name="test_guest_returns_current_session_id" time="0.338" /><testcase classname="tests.test_raccoon_critical_features.TestPaymentPlansEndpoint" name="test_get_plans" time="0.129" /><testcase classname="tests.test_raccoon_critical_features.TestPremiumStatusEndpoint" name="test_guest_premium_status_false" time="0.355" /><testcase classname="tests.test_raccoon_critical_features.TestPremiumStatusEndpoint" name="test_admin_premium_status_true" time="0.479" /><testcase classname="tests.test_raccoon_critical_features.TestQueueEndpoints" name="test_queue_stats_endpoint" time="0.122" /></testsuite></testsuites>