<?xml version="1.0" encoding="utf-8"?><testsuites name="pytest tests"><testsuite name="pytest" errors="0" failures="2" skipped="0" tests="10" time="12.030" timestamp="2026-04-03T07:11:02.388101+00:00" hostname="agent-env-d41ba1e8-6e72-4d2b-b2e1-dffc1e02abb0"><testcase classname="backend.tests.test_end_game_session.TestEndGameSessionAPI" name="test_health_check" time="0.143" /><testcase classname="backend.tests.test_end_game_session.TestEndGameSessionAPI" name="test_guest_creation" time="0.307" /><testcase classname="backend.tests.test_end_game_session.TestEndGameSessionAPI" name="test_auth_me_returns_current_session_id" time="0.374" /><testcase classname="backend.tests.test_end_game_session.TestEndGameSessionAPI" name="test_admin_login" time="0.340" /><testcase classname="backend.tests.test_end_game_session.TestEndGameSessionSocket" name="test_socket_connection" time="5.335"><failure message="socketio.exceptions.ConnectionError: Connection error">backend/tests/test_end_game_session.py:115: in test_socket_connection
    sio.connect(socket_url, transports=['websocket'])
/root/.venv/lib/python3.11/site-packages/socketio/client.py:148: in connect
    raise exceptions.ConnectionError(exc.args[0]) from None
E   socketio.exceptions.ConnectionError: Connection error</failure></testcase><testcase classname="backend.tests.test_end_game_session.TestEndGameSessionSocket" name="test_end_game_session_without_active_session" time="5.324"><failure message="socketio.exceptions.ConnectionError: Connection error">backend/tests/test_end_game_session.py:147: in test_end_game_session_without_active_session
    sio.connect(socket_url, transports=['websocket'])
/root/.venv/lib/python3.11/site-packages/socketio/client.py:148: in connect
    raise exceptions.ConnectionError(exc.args[0]) from None
E   socketio.exceptions.ConnectionError: Connection error</failure></testcase><testcase classname="backend.tests.test_end_game_session.TestEndGameSessionCodeReview" name="test_backend_handler_exists" time="0.000" /><testcase classname="backend.tests.test_end_game_session.TestEndGameSessionCodeReview" name="test_frontend_button_exists" time="0.000" /><testcase classname="backend.tests.test_end_game_session.TestEndGameSessionCodeReview" name="test_frontend_session_ended_handler" time="0.000" /><testcase classname="backend.tests.test_end_game_session.TestEndGameSessionCodeReview" name="test_uno_game_close_button_label" time="0.000" /></testsuite></testsuites>