<?xml version="1.0" encoding="utf-8"?><testsuites name="pytest tests"><testsuite name="pytest" errors="0" failures="0" skipped="0" tests="16" time="4.573" timestamp="2026-03-27T13:08:46.586260+00:00" hostname="agent-env-5e3bc517-b2e0-47a1-b73e-324330d79e0d"><testcase classname="backend.tests.test_final_validation.TestHealthAndBasicEndpoints" name="test_health_endpoint" time="0.141" /><testcase classname="backend.tests.test_final_validation.TestHealthAndBasicEndpoints" name="test_payment_plans_endpoint" time="0.108" /><testcase classname="backend.tests.test_final_validation.TestAuthenticationFlow" name="test_signup_endpoint" time="0.533" /><testcase classname="backend.tests.test_final_validation.TestAuthenticationFlow" name="test_signup_requires_terms" time="0.110" /><testcase classname="backend.tests.test_final_validation.TestAuthenticationFlow" name="test_login_endpoint" time="0.435" /><testcase classname="backend.tests.test_final_validation.TestAuthenticationFlow" name="test_login_invalid_credentials" time="0.124" /><testcase classname="backend.tests.test_final_validation.TestAuthenticationFlow" name="test_guest_login" time="0.224" /><testcase classname="backend.tests.test_final_validation.TestAgeVerification" name="test_age_verification" time="0.554" /><testcase classname="backend.tests.test_final_validation.TestAgeVerification" name="test_age_verification_requires_confirmation" time="0.566" /><testcase classname="backend.tests.test_final_validation.TestProtectedEndpoints" name="test_me_endpoint_requires_auth" time="0.116" /><testcase classname="backend.tests.test_final_validation.TestProtectedEndpoints" name="test_premium_status_requires_auth" time="0.111" /><testcase classname="backend.tests.test_final_validation.TestProtectedEndpoints" name="test_admin_dashboard_requires_admin" time="0.329" /><testcase classname="backend.tests.test_final_validation.TestPaymentEndpoints" name="test_get_plans" time="0.121" /><testcase classname="backend.tests.test_final_validation.TestPaymentEndpoints" name="test_get_subscription_requires_auth" time="0.124" /><testcase classname="backend.tests.test_final_validation.TestPaymentEndpoints" name="test_get_subscription_with_auth" time="0.377" /><testcase classname="backend.tests.test_final_validation.TestUserProfile" name="test_get_current_user" time="0.546" /></testsuite></testsuites>