<?xml version="1.0" encoding="utf-8"?><testsuites name="pytest tests"><testsuite name="pytest" errors="0" failures="0" skipped="0" tests="12" time="33.127" timestamp="2026-03-29T21:22:21.876479+00:00" hostname="agent-env-5e3bc517-b2e0-47a1-b73e-324330d79e0d"><testcase classname="backend.tests.test_google_auth.TestGoogleAuthEndpoint" name="test_google_auth_endpoint_exists" time="18.930" /><testcase classname="backend.tests.test_google_auth.TestGoogleAuthEndpoint" name="test_google_auth_creates_new_user" time="1.092" /><testcase classname="backend.tests.test_google_auth.TestGoogleAuthEndpoint" name="test_google_auth_returns_valid_jwt_token" time="1.084" /><testcase classname="backend.tests.test_google_auth.TestGoogleAuthEndpoint" name="test_google_auth_returns_existing_user" time="1.474" /><testcase classname="backend.tests.test_google_auth.TestGoogleAuthEndpoint" name="test_google_auth_user_has_correct_fields" time="1.327" /><testcase classname="backend.tests.test_google_auth.TestGoogleAuthEndpoint" name="test_google_auth_token_works_for_authenticated_requests" time="1.365" /><testcase classname="backend.tests.test_google_auth.TestGoogleAuthEndpoint" name="test_google_auth_handles_missing_email" time="0.881" /><testcase classname="backend.tests.test_google_auth.TestGoogleAuthEndpoint" name="test_google_auth_handles_missing_display_name" time="1.331" /><testcase classname="backend.tests.test_google_auth.TestGoogleAuthEndpoint" name="test_google_auth_finds_user_by_email" time="1.439" /><testcase classname="backend.tests.test_google_auth.TestGoogleUserInAdminPanel" name="test_google_user_appears_in_admin_users_list" time="3.804" /><testcase classname="backend.tests.test_google_auth.TestGoogleAuthValidation" name="test_google_auth_requires_uid" time="0.199" /><testcase classname="backend.tests.test_google_auth.TestGoogleAuthValidation" name="test_google_auth_requires_id_token" time="0.117" /></testsuite></testsuites>