<?xml version="1.0" encoding="utf-8"?><testsuites name="pytest tests"><testsuite name="pytest" errors="0" failures="0" skipped="0" tests="12" time="2.260" timestamp="2026-03-23T04:27:06.612646+00:00" hostname="agent-env-5e3bc517-b2e0-47a1-b73e-324330d79e0d"><testcase classname="tests.test_legal_and_matching.TestHealthAndBasicAPI" name="test_api_root_returns_message" time="0.145" /><testcase classname="tests.test_legal_and_matching.TestAuthEndpoints" name="test_signup_requires_all_fields" time="0.112" /><testcase classname="tests.test_legal_and_matching.TestAuthEndpoints" name="test_signup_validates_age" time="0.104" /><testcase classname="tests.test_legal_and_matching.TestAuthEndpoints" name="test_login_with_invalid_credentials" time="0.103" /><testcase classname="tests.test_legal_and_matching.TestAuthEndpoints" name="test_guest_login" time="0.117" /><testcase classname="tests.test_legal_and_matching.TestMatchingService" name="test_queue_stats_endpoint" time="0.105" /><testcase classname="tests.test_legal_and_matching.TestMatchingService" name="test_guest_login_with_different_genders" time="0.198" /><testcase classname="tests.test_legal_and_matching.TestPaymentsEndpoints" name="test_create_checkout_session_requires_origin" time="0.110" /><testcase classname="tests.test_legal_and_matching.TestPaymentsEndpoints" name="test_create_checkout_session_with_auth" time="0.801" /><testcase classname="tests.test_legal_and_matching.TestReportsEndpoints" name="test_create_report_requires_auth" time="0.094" /><testcase classname="tests.test_legal_and_matching.TestAdminEndpoints" name="test_admin_dashboard_requires_admin" time="0.208" /><testcase classname="tests.test_legal_and_matching.TestCountryDetection" name="test_guest_login_includes_country" time="0.102" /></testsuite></testsuites>