<?xml version="1.0" encoding="utf-8"?><testsuites name="pytest tests"><testsuite name="pytest" errors="0" failures="0" skipped="0" tests="12" time="4.571" timestamp="2026-04-03T05:01:31.109221+00:00" hostname="agent-env-d41ba1e8-6e72-4d2b-b2e1-dffc1e02abb0"><testcase classname="backend.tests.test_private_room_polish.TestAPIHealth" name="test_api_health" time="0.487" /><testcase classname="backend.tests.test_private_room_polish.TestPremiumAuthentication" name="test_admin_login" time="0.332" /><testcase classname="backend.tests.test_private_room_polish.TestPremiumAuthentication" name="test_admin_is_premium" time="0.427" /><testcase classname="backend.tests.test_private_room_polish.TestGuestFlow" name="test_create_guest" time="0.289" /><testcase classname="backend.tests.test_private_room_polish.TestGuestFlow" name="test_guest_not_premium" time="0.351" /><testcase classname="backend.tests.test_private_room_polish.TestPremiumEndpoints" name="test_premium_plans_available" time="0.107" /><testcase classname="backend.tests.test_private_room_polish.TestPremiumEndpoints" name="test_dev_premium_override_blocked" time="0.437" /><testcase classname="backend.tests.test_private_room_polish.TestPremiumEndpoints" name="test_subscription_without_stripe_blocked" time="0.432" /><testcase classname="backend.tests.test_private_room_polish.TestSessionManagement" name="test_current_session_id_in_auth_me" time="0.433" /><testcase classname="backend.tests.test_private_room_polish.TestSessionManagement" name="test_guest_current_session_id" time="0.392" /><testcase classname="backend.tests.test_private_room_polish.TestRoomCapacity" name="test_room_max_players_is_2" time="0.341" /><testcase classname="backend.tests.test_private_room_polish.TestStatsAPI" name="test_user_stats_endpoint" time="0.478" /></testsuite></testsuites>