<?xml version="1.0" encoding="utf-8"?><testsuites name="pytest tests"><testsuite name="pytest" errors="0" failures="0" skipped="5" tests="13" time="30.169" timestamp="2026-04-03T06:19:51.231421+00:00" hostname="agent-env-d41ba1e8-6e72-4d2b-b2e1-dffc1e02abb0"><testcase classname="backend.tests.test_private_room_match.TestPrivateRoomMatch" name="test_admin_login_and_premium_status" time="0.449" /><testcase classname="backend.tests.test_private_room_match.TestPrivateRoomMatch" name="test_auth_me_exposes_current_session_id" time="0.408" /><testcase classname="backend.tests.test_private_room_match.TestPrivateRoomMatch" name="test_create_guest_user" time="0.316" /><testcase classname="backend.tests.test_private_room_match.TestPrivateRoomAPI" name="test_health_check" time="0.142" /><testcase classname="backend.tests.test_private_room_match.TestMatchingService" name="test_queue_stats_endpoint" time="0.100" /><testcase classname="backend.tests.test_private_room_match.TestSessionCleanup" name="test_admin_session_state_after_login" time="0.377" /><testcase classname="backend.tests.test_private_room_match.TestNormalMatchFlow" name="test_login_does_not_break_matching" time="0.336" /><testcase classname="backend.tests.test_private_room_match.TestWebRTCPrerequisites" name="test_socket_endpoint_accessible" time="0.101" /><testcase classname="backend.tests.test_private_room_match.TestPrivateRoomSocketFlow" name="test_socket_connection_and_auth" time="5.385"><skipped type="pytest.skip" message="Socket.io connection not available from test environment">/app/backend/tests/test_private_room_match.py:286: Socket.io connection not available from test environment</skipped></testcase><testcase classname="backend.tests.test_private_room_match.TestPrivateRoomSocketFlow" name="test_room_creation_socket_flow" time="5.416"><skipped type="pytest.skip" message="Socket.io connection not available from test environment">/app/backend/tests/test_private_room_match.py:353: Socket.io connection not available from test environment</skipped></testcase><testcase classname="backend.tests.test_private_room_match.TestPrivateRoomMatchIntegration" name="test_two_users_can_join_room_and_start_match" time="5.682"><skipped type="pytest.skip" message="Socket.io connection not available from test environment">/app/backend/tests/test_private_room_match.py:511: Socket.io connection not available from test environment</skipped></testcase><testcase classname="backend.tests.test_private_room_match.TestLeaveAndRejoinRoom" name="test_leave_and_rejoin_same_room" time="5.631"><skipped type="pytest.skip" message="Socket.io connection not available from test environment">/app/backend/tests/test_private_room_match.py:680: Socket.io connection not available from test environment</skipped></testcase><testcase classname="backend.tests.test_private_room_match.TestStartGameFromRoom" name="test_start_uno_from_room" time="5.619"><skipped type="pytest.skip" message="Socket.io connection not available from test environment">/app/backend/tests/test_private_room_match.py:796: Socket.io connection not available from test environment</skipped></testcase></testsuite></testsuites>