<?xml version="1.0" encoding="utf-8"?><testsuites name="pytest tests"><testsuite name="pytest" errors="0" failures="0" skipped="0" tests="11" time="5.682" timestamp="2026-03-22T22:16:26.077379+00:00" hostname="agent-env-5e3bc517-b2e0-47a1-b73e-324330d79e0d"><testcase classname="backend.tests.test_raccoon_api.TestAdminSecurity" name="test_admin_login_success" time="0.856" /><testcase classname="backend.tests.test_raccoon_api.TestAdminSecurity" name="test_admin_stats_endpoint" time="0.576" /><testcase classname="backend.tests.test_raccoon_api.TestAdminSecurity" name="test_admin_users_endpoint" time="0.559" /><testcase classname="backend.tests.test_raccoon_api.TestAdminSecurity" name="test_guest_cannot_access_admin" time="0.727" /><testcase classname="backend.tests.test_raccoon_api.TestAdminSecurity" name="test_regular_user_cannot_access_admin" time="0.961" /><testcase classname="backend.tests.test_raccoon_api.TestAdminSecurity" name="test_no_token_cannot_access_admin" time="0.550" /><testcase classname="backend.tests.test_raccoon_api.TestAuthentication" name="test_guest_login" time="0.103" /><testcase classname="backend.tests.test_raccoon_api.TestAuthentication" name="test_invalid_login" time="0.099" /><testcase classname="backend.tests.test_raccoon_api.TestAuthentication" name="test_api_health" time="0.113" /><testcase classname="backend.tests.test_raccoon_api.TestPremiumFeatures" name="test_admin_has_premium" time="0.454" /><testcase classname="backend.tests.test_raccoon_api.TestPremiumFeatures" name="test_guest_no_premium" time="0.619" /></testsuite></testsuites>