<?xml version="1.0" encoding="utf-8"?><testsuites name="pytest tests"><testsuite name="pytest" errors="0" failures="0" skipped="0" tests="9" time="2.610" timestamp="2026-03-22T20:56:50.688526+00:00" hostname="agent-env-5e3bc517-b2e0-47a1-b73e-324330d79e0d"><testcase classname="tests.test_admin_security.TestAdminSecurity" name="test_admin_users_endpoint_with_admin_token" time="0.661" /><testcase classname="tests.test_admin_security.TestAdminSecurity" name="test_admin_users_endpoint_without_token" time="0.124" /><testcase classname="tests.test_admin_security.TestAdminSecurity" name="test_admin_users_endpoint_with_non_admin_token" time="0.443" /><testcase classname="tests.test_admin_security.TestAdminSecurity" name="test_admin_stats_endpoint_with_admin_token" time="0.121" /><testcase classname="tests.test_admin_security.TestAdminSecurity" name="test_admin_stats_endpoint_with_non_admin_token" time="0.104" /><testcase classname="tests.test_admin_security.TestAdminSecurity" name="test_admin_ban_endpoint_with_non_admin_token" time="0.144" /><testcase classname="tests.test_admin_security.TestAdminSecurity" name="test_admin_premium_endpoint_with_non_admin_token" time="0.149" /><testcase classname="tests.test_admin_security.TestAdminLogin" name="test_admin_login_success" time="0.455" /><testcase classname="tests.test_admin_security.TestAdminLogin" name="test_admin_login_wrong_password" time="0.348" /></testsuite></testsuites>