<?xml version="1.0" encoding="utf-8"?><testsuites name="pytest tests"><testsuite name="pytest" errors="0" failures="2" skipped="0" tests="13" time="2.799" timestamp="2026-04-02T19:45:41.053329+00:00" hostname="agent-env-5e3bc517-b2e0-47a1-b73e-324330d79e0d"><testcase classname="backend.tests.test_raccoon_api.TestHealthAndRoot" name="test_api_root" time="0.257" /><testcase classname="backend.tests.test_raccoon_api.TestGuestAuth" name="test_guest_login_male" time="0.360" /><testcase classname="backend.tests.test_raccoon_api.TestGuestAuth" name="test_guest_login_female" time="0.267" /><testcase classname="backend.tests.test_raccoon_api.TestGuestAuth" name="test_guest_login_invalid_gender" time="0.112" /><testcase classname="backend.tests.test_raccoon_api.TestGuestAuth" name="test_guest_login_missing_gender" time="0.157" /><testcase classname="backend.tests.test_raccoon_api.TestUserAuth" name="test_signup_success" time="0.114"><failure message="assert 400 == 200&#10; +  where 400 = &lt;Response [400]&gt;.status_code">backend/tests/test_raccoon_api.py:97: in test_signup_success
    assert response.status_code == 200
E   assert 400 == 200
E    +  where 400 = &lt;Response [400]&gt;.status_code</failure></testcase><testcase classname="backend.tests.test_raccoon_api.TestUserAuth" name="test_signup_underage" time="0.116"><failure message="AssertionError: assert '18 or older' in 'You must agree to the Terms of Service to register'">backend/tests/test_raccoon_api.py:120: in test_signup_underage
    assert "18 or older" in data["detail"]
E   AssertionError: assert '18 or older' in 'You must agree to the Terms of Service to register'</failure></testcase><testcase classname="backend.tests.test_raccoon_api.TestUserAuth" name="test_login_invalid_credentials" time="0.118" /><testcase classname="backend.tests.test_raccoon_api.TestUserAuth" name="test_login_admin_user" time="0.421" /><testcase classname="backend.tests.test_raccoon_api.TestAuthenticatedEndpoints" name="test_get_current_user" time="0.384" /><testcase classname="backend.tests.test_raccoon_api.TestAuthenticatedEndpoints" name="test_get_current_user_no_token" time="0.131" /><testcase classname="backend.tests.test_raccoon_api.TestAuthenticatedEndpoints" name="test_get_current_user_invalid_token" time="0.126" /><testcase classname="backend.tests.test_raccoon_api.TestReportsEndpoint" name="test_create_report_without_auth" time="0.136" /></testsuite></testsuites>