<?xml version="1.0" encoding="utf-8"?><testsuites name="pytest tests"><testsuite name="pytest" errors="0" failures="0" skipped="0" tests="13" time="1.480" timestamp="2026-04-02T20:24:25.906775+00:00" hostname="agent-env-5e3bc517-b2e0-47a1-b73e-324330d79e0d"><testcase classname="tests.test_room_and_matching.TestHealthCheck" name="test_health_endpoint_returns_healthy" time="0.191" /><testcase classname="tests.test_room_and_matching.TestGuestFlow" name="test_guest_login_creates_user" time="0.340" /><testcase classname="tests.test_room_and_matching.TestGuestFlow" name="test_guest_login_with_female_gender" time="0.386" /><testcase classname="tests.test_room_and_matching.TestPremiumStatus" name="test_set_force_premium_endpoint" time="0.366" /><testcase classname="tests.test_room_and_matching.TestRoomCapacity" name="test_room_service_max_players_constant" time="0.001" /><testcase classname="tests.test_room_and_matching.TestRoomCapacity" name="test_room_state_shows_max_2_players" time="0.000" /><testcase classname="tests.test_room_and_matching.TestRoomCapacity" name="test_room_blocks_third_player" time="0.001" /><testcase classname="tests.test_room_and_matching.TestRoomPremiumRestriction" name="test_free_user_cannot_create_room" time="0.000" /><testcase classname="tests.test_room_and_matching.TestRoomPremiumRestriction" name="test_premium_user_can_create_room" time="0.001" /><testcase classname="tests.test_room_and_matching.TestMatchingServiceMethods" name="test_get_partner_id_method_exists" time="0.001" /><testcase classname="tests.test_room_and_matching.TestMatchingServiceMethods" name="test_get_socket_id_method_exists" time="0.001" /><testcase classname="tests.test_room_and_matching.TestMatchingServiceMethods" name="test_force_cleanup_user_method_exists" time="0.000" /><testcase classname="tests.test_room_and_matching.TestQueueStats" name="test_queue_stats_endpoint" time="0.119" /></testsuite></testsuites>