<?xml version="1.0" encoding="utf-8"?><testsuites name="pytest tests"><testsuite name="pytest" errors="0" failures="0" skipped="0" tests="13" time="4.156" timestamp="2026-04-02T21:24:55.363258+00:00" hostname="agent-env-cf4b2843-982e-4ec7-bd0a-0857d0317e56"><testcase classname="tests.test_room_premium_skip.TestHealthAndBasics" name="test_health_endpoint" time="0.400" /><testcase classname="tests.test_room_premium_skip.TestPremiumSecurity" name="test_dev_premium_override_blocked" time="0.121" /><testcase classname="tests.test_room_premium_skip.TestPremiumSecurity" name="test_dev_check_premium_blocked" time="0.116" /><testcase classname="tests.test_room_premium_skip.TestPremiumSecurity" name="test_create_subscription_without_stripe_blocked" time="0.429" /><testcase classname="tests.test_room_premium_skip.TestGuestAndPremiumStatus" name="test_guest_is_not_premium" time="0.347" /><testcase classname="tests.test_room_premium_skip.TestGuestAndPremiumStatus" name="test_admin_is_premium" time="0.468" /><testcase classname="tests.test_room_premium_skip.TestPaymentPlans" name="test_get_plans" time="0.108" /><testcase classname="tests.test_room_premium_skip.TestPaymentPlans" name="test_checkout_blocked_without_stripe" time="0.360" /><testcase classname="tests.test_room_premium_skip.TestRoomCapacity" name="test_room_max_players_is_2" time="0.329" /><testcase classname="tests.test_room_premium_skip.TestPremiumStatusEndpoint" name="test_premium_status_for_guest" time="0.353" /><testcase classname="tests.test_room_premium_skip.TestPremiumStatusEndpoint" name="test_premium_status_for_admin" time="0.473" /><testcase classname="tests.test_room_premium_skip.TestAuthEndpoints" name="test_guest_creation" time="0.222" /><testcase classname="tests.test_room_premium_skip.TestAuthEndpoints" name="test_admin_login" time="0.370" /></testsuite></testsuites>