<?xml version="1.0" encoding="utf-8"?><testsuites name="pytest tests"><testsuite name="pytest" errors="0" failures="0" skipped="0" tests="19" time="37.832" timestamp="2026-03-29T20:46:19.004965+00:00" hostname="agent-env-5e3bc517-b2e0-47a1-b73e-324330d79e0d"><testcase classname="backend.tests.test_stats_api.TestStatsEndpoints" name="test_stats_me_endpoint_returns_200" time="15.874" /><testcase classname="backend.tests.test_stats_api.TestStatsEndpoints" name="test_stats_me_returns_correct_structure" time="0.990" /><testcase classname="backend.tests.test_stats_api.TestStatsEndpoints" name="test_stats_me_new_user_starts_at_zero" time="0.991" /><testcase classname="backend.tests.test_stats_api.TestStatsEndpoints" name="test_stats_me_requires_auth" time="0.771" /><testcase classname="backend.tests.test_stats_api.TestStatsEndpoints" name="test_heartbeat_endpoint_returns_200" time="0.907" /><testcase classname="backend.tests.test_stats_api.TestStatsEndpoints" name="test_heartbeat_returns_correct_structure" time="0.902" /><testcase classname="backend.tests.test_stats_api.TestStatsEndpoints" name="test_heartbeat_tracks_time" time="3.428" /><testcase classname="backend.tests.test_stats_api.TestStatsEndpoints" name="test_heartbeat_requires_auth" time="0.777" /><testcase classname="backend.tests.test_stats_api.TestStatsEndpoints" name="test_stats_full_endpoint_returns_200" time="0.904" /><testcase classname="backend.tests.test_stats_api.TestStatsEndpoints" name="test_stats_full_returns_complete_data" time="0.913" /><testcase classname="backend.tests.test_stats_api.TestStatsEndpoints" name="test_stats_full_guest_not_premium" time="0.904" /><testcase classname="backend.tests.test_stats_api.TestStatsEndpoints" name="test_stats_full_requires_auth" time="0.793" /><testcase classname="backend.tests.test_stats_api.TestStatsEndpoints" name="test_premium_status_endpoint_returns_200" time="0.698" /><testcase classname="backend.tests.test_stats_api.TestStatsEndpoints" name="test_premium_status_returns_correct_structure" time="0.735" /><testcase classname="backend.tests.test_stats_api.TestStatsEndpoints" name="test_premium_status_guest_not_premium" time="0.718" /><testcase classname="backend.tests.test_stats_api.TestStatsEndpoints" name="test_premium_status_requires_auth" time="0.773" /><testcase classname="backend.tests.test_stats_api.TestTimeFormatting" name="test_formatted_time_for_zero_seconds" time="0.917" /><testcase classname="backend.tests.test_stats_api.TestStatsPersistence" name="test_stats_persist_after_heartbeat" time="3.630" /><testcase classname="backend.tests.test_stats_api.TestHealthCheck" name="test_api_health" time="2.120" /></testsuite></testsuites>