<?xml version="1.0" encoding="utf-8"?><testsuites name="pytest tests"><testsuite name="pytest" errors="0" failures="0" skipped="0" tests="31" time="0.030" timestamp="2026-03-29T20:26:49.745477+00:00" hostname="agent-env-5e3bc517-b2e0-47a1-b73e-324330d79e0d"><testcase classname="tests.test_uno_game.TestUnoDeckCreation" name="test_deck_has_108_cards" time="0.000" /><testcase classname="tests.test_uno_game.TestUnoDeckCreation" name="test_deck_has_correct_number_cards" time="0.000" /><testcase classname="tests.test_uno_game.TestUnoDeckCreation" name="test_deck_has_correct_action_cards" time="0.000" /><testcase classname="tests.test_uno_game.TestUnoDeckCreation" name="test_deck_has_correct_wild_cards" time="0.000" /><testcase classname="tests.test_uno_game.TestUnoDeckCreation" name="test_all_cards_have_unique_ids" time="0.000" /><testcase classname="tests.test_uno_game.TestUnoDeckCreation" name="test_shuffle_randomizes_deck" time="0.000" /><testcase classname="tests.test_uno_game.TestCardValidation" name="test_wild_card_always_playable" time="0.000" /><testcase classname="tests.test_uno_game.TestCardValidation" name="test_wild_draw_four_always_playable" time="0.000" /><testcase classname="tests.test_uno_game.TestCardValidation" name="test_same_color_playable" time="0.000" /><testcase classname="tests.test_uno_game.TestCardValidation" name="test_same_value_playable" time="0.000" /><testcase classname="tests.test_uno_game.TestCardValidation" name="test_different_color_and_value_not_playable" time="0.000" /><testcase classname="tests.test_uno_game.TestCardValidation" name="test_action_cards_match_by_value" time="0.000" /><testcase classname="tests.test_uno_game.TestCardValidation" name="test_get_playable_cards_returns_correct_ids" time="0.000" /><testcase classname="tests.test_uno_game.TestUnoGameService" name="test_create_game_initializes_correctly" time="0.000" /><testcase classname="tests.test_uno_game.TestUnoGameService" name="test_get_player_state_shows_own_hand" time="0.000" /><testcase classname="tests.test_uno_game.TestUnoGameService" name="test_play_card_validates_turn" time="0.000" /><testcase classname="tests.test_uno_game.TestUnoGameService" name="test_play_card_validates_card_in_hand" time="0.000" /><testcase classname="tests.test_uno_game.TestUnoGameService" name="test_play_valid_card_succeeds" time="0.000" /><testcase classname="tests.test_uno_game.TestUnoGameService" name="test_wild_card_requires_color_choice" time="0.000" /><testcase classname="tests.test_uno_game.TestUnoGameService" name="test_draw_card_adds_to_hand" time="0.000" /><testcase classname="tests.test_uno_game.TestUnoGameService" name="test_draw_card_validates_turn" time="0.000" /><testcase classname="tests.test_uno_game.TestUnoGameService" name="test_call_uno_with_two_cards" time="0.000" /><testcase classname="tests.test_uno_game.TestUnoGameService" name="test_call_uno_fails_with_wrong_card_count" time="0.000" /><testcase classname="tests.test_uno_game.TestUnoGameService" name="test_end_game_cleans_up" time="0.000" /><testcase classname="tests.test_uno_game.TestSpecialCardEffects" name="test_skip_card_keeps_turn" time="0.000" /><testcase classname="tests.test_uno_game.TestSpecialCardEffects" name="test_draw_two_makes_opponent_draw" time="0.000" /><testcase classname="tests.test_uno_game.TestSpecialCardEffects" name="test_wild_draw_four_makes_opponent_draw_four" time="0.000" /><testcase classname="tests.test_uno_game.TestSpecialCardEffects" name="test_wild_draw_four_changes_color" time="0.000" /><testcase classname="tests.test_uno_game.TestUnoPenalty" name="test_penalty_for_not_calling_uno" time="0.000" /><testcase classname="tests.test_uno_game.TestUnoPenalty" name="test_no_penalty_when_uno_called" time="0.000" /><testcase classname="tests.test_uno_game.TestWinCondition" name="test_player_wins_when_hand_empty" time="0.000" /></testsuite></testsuites>