<?xml version="1.0" encoding="utf-8"?><testsuites name="pytest tests"><testsuite name="pytest" errors="0" failures="0" skipped="0" tests="17" time="0.509" timestamp="2026-04-03T15:50:29.802551+00:00" hostname="agent-env-6fa156de-5da3-41ae-b0e6-3a50be25c5df"><testcase classname="backend.tests.test_webrtc_fix.TestWebRTCFrontendCodeStructure" name="test_collision_detection_uses_mdn_pattern" time="0.001" /><testcase classname="backend.tests.test_webrtc_fix.TestWebRTCFrontendCodeStructure" name="test_handle_offer_logs_collision_for_impolite_peer" time="0.000" /><testcase classname="backend.tests.test_webrtc_fix.TestWebRTCFrontendCodeStructure" name="test_handle_offer_sends_answer_with_context_type" time="0.000" /><testcase classname="backend.tests.test_webrtc_fix.TestWebRTCFrontendCodeStructure" name="test_create_peer_connection_deps_include_context_type" time="0.000" /><testcase classname="backend.tests.test_webrtc_fix.TestWebRTCFrontendCodeStructure" name="test_handle_offer_deps_include_context_type" time="0.000" /><testcase classname="backend.tests.test_webrtc_fix.TestWebRTCFrontendCodeStructure" name="test_ice_servers_has_3_stun_servers" time="0.000" /><testcase classname="backend.tests.test_webrtc_fix.TestWebRTCFrontendCodeStructure" name="test_onnegotiationneeded_sends_offer_with_session_and_context" time="0.000" /><testcase classname="backend.tests.test_webrtc_fix.TestWebRTCFrontendCodeStructure" name="test_onicecandidate_sends_with_session_and_context" time="0.000" /><testcase classname="backend.tests.test_webrtc_fix.TestWebRTCFrontendCodeStructure" name="test_ontrack_sets_remote_stream" time="0.000" /><testcase classname="backend.tests.test_webrtc_fix.TestWebRTCFrontendCodeStructure" name="test_auto_start_effect_fires_on_session_and_partner" time="0.000" /><testcase classname="backend.tests.test_webrtc_fix.TestWebRTCFrontendCodeStructure" name="test_is_polite_returns_correct_value" time="0.000" /><testcase classname="backend.tests.test_webrtc_fix.TestWebRTCBackendSignaling" name="test_webrtc_offer_handler_forwards_to_partner" time="0.000" /><testcase classname="backend.tests.test_webrtc_fix.TestWebRTCBackendSignaling" name="test_webrtc_answer_handler_forwards_to_partner" time="0.000" /><testcase classname="backend.tests.test_webrtc_fix.TestWebRTCBackendSignaling" name="test_webrtc_ice_candidate_handler_forwards_to_partner" time="0.000" /><testcase classname="backend.tests.test_webrtc_fix.TestWebRTCBackendSignaling" name="test_handlers_get_context_type_from_data" time="0.000" /><testcase classname="backend.tests.test_webrtc_fix.TestAPIHealthAndAuth" name="test_api_health_check" time="0.129" /><testcase classname="backend.tests.test_webrtc_fix.TestAPIHealthAndAuth" name="test_guest_login_works" time="0.323" /></testsuite></testsuites>